

Microchip Technology PIC LITE Macro Assembler V1.45 build -152302408 
                                                                                               Thu Jun 07 12:11:20 2018

Microchip Technology Omniscient Code Generator v1.45 (Free mode) build 201711160504
     1                           	processor	16F870
     2                           	opt	pw 120
     3                           	opt	lm
     4                           	psect	cinit,global,class=CODE,merge=1,delta=2
     5                           	psect	cstackCOMMON,global,class=COMMON,space=1,delta=1
     6                           	psect	maintext,global,class=CODE,split=1,delta=2
     7                           	dabs	1,0x7E,2
     8  0000                     
     9                           ; Version 1.45
    10                           ; Generated 16/11/2017 GMT
    11                           ; 
    12                           ; Copyright © 2017, Microchip Technology Inc. and its subsidiaries ("Microchip")
    13                           ; All rights reserved.
    14                           ; 
    15                           ; This software is developed by Microchip Technology Inc. and its subsidiaries ("Microch
      +                          ip").
    16                           ; 
    17                           ; Redistribution and use in source and binary forms, with or without modification, are
    18                           ; permitted provided that the following conditions are met:
    19                           ; 
    20                           ;     1. Redistributions of source code must retain the above copyright notice, this lis
      +                          t of
    21                           ;        conditions and the following disclaimer.
    22                           ; 
    23                           ;     2. Redistributions in binary form must reproduce the above copyright notice, this 
      +                          list
    24                           ;        of conditions and the following disclaimer in the documentation and/or other
    25                           ;        materials provided with the distribution.
    26                           ; 
    27                           ;     3. Microchip's name may not be used to endorse or promote products derived from th
      +                          is
    28                           ;        software without specific prior written permission.
    29                           ; 
    30                           ; THIS SOFTWARE IS PROVIDED BY MICROCHIP "AS IS" AND ANY EXPRESS OR IMPLIED WARRANTIES,
    31                           ; INCLUDING, BUT NOT LIMITED TO, THE IMPLIED WARRANTIES OF MERCHANTABILITY AND FITNESS F
      +                          OR
    32                           ; PURPOSE ARE DISCLAIMED.  IN NO EVENT SHALL MICROCHIP BE LIABLE FOR ANY DIRECT, INDIREC
      +                          T,
    33                           ; INCIDENTAL, SPECIAL, EXEMPLARY, OR CONSEQUENTIAL DAMAGES (INCLUDING BUT NOT LIMITED TO
    34                           ; PROCUREMENT OF SUBSTITUTE GOODS OR SERVICES; LOSS OF USE, DATA OR PROFITS; OR BUSINESS
    35                           ; INTERRUPTION) HOWSOEVER CAUSED AND ON ANY THEORY OF LIABILITY, WHETHER IN CONTRACT, ST
      +                          RICT
    36                           ; LIABILITY, OR TORT (INCLUDING NEGLIGENCE OR OTHERWISE) ARISING IN ANY WAY OUT OF THE U
      +                          SE OF
    37                           ; THIS SOFTWARE, EVEN IF ADVISED OF THE POSSIBILITY OF SUCH DAMAGE.
    38                           ; 
    39                           ; 
    40                           ; Code-generator required, PIC16F870 Definitions
    41                           ; 
    42                           ; SFR Addresses
    43  0000                     	;# 
    44  0001                     	;# 
    45  0002                     	;# 
    46  0003                     	;# 
    47  0004                     	;# 
    48  0005                     	;# 
    49  0006                     	;# 
    50  0007                     	;# 
    51  000A                     	;# 
    52  000B                     	;# 
    53  000C                     	;# 
    54  000D                     	;# 
    55  000E                     	;# 
    56  000E                     	;# 
    57  000F                     	;# 
    58  0010                     	;# 
    59  0011                     	;# 
    60  0012                     	;# 
    61  0015                     	;# 
    62  0015                     	;# 
    63  0016                     	;# 
    64  0017                     	;# 
    65  0018                     	;# 
    66  0019                     	;# 
    67  001A                     	;# 
    68  001E                     	;# 
    69  001F                     	;# 
    70  0081                     	;# 
    71  0085                     	;# 
    72  0086                     	;# 
    73  0087                     	;# 
    74  008C                     	;# 
    75  008D                     	;# 
    76  008E                     	;# 
    77  0092                     	;# 
    78  0098                     	;# 
    79  0099                     	;# 
    80  009E                     	;# 
    81  009F                     	;# 
    82  010C                     	;# 
    83  010D                     	;# 
    84  010E                     	;# 
    85  010F                     	;# 
    86  018C                     	;# 
    87  018D                     	;# 
    88  0006                     _PORTBbits	set	6
    89  001E                     _ADRESH	set	30
    90  001F                     _ADCON0bits	set	31
    91  009F                     _ADCON1bits	set	159
    92  0086                     _TRISB	set	134
    93  0085                     _TRISA	set	133
    94                           
    95                           ; #config settings
    96  0000                     
    97                           	psect	cinit
    98  07FE                     start_initialization:	
    99  07FE                     __initialization:	
   100  07FE                     end_of_initialization:	
   101                           ;End of C runtime variable initialization code
   102                           
   103  07FE                     __end_of__initialization:	
   104  07FE  0183               	clrf	3
   105  07FF  2FD8               	ljmp	_main	;jump to C main() function
   106                           
   107                           	psect	cstackCOMMON
   108  0070                     __pcstackCOMMON:	
   109  0070                     ?_main:	
   110  0070                     ??_main:	
   111                           ; 1 bytes @ 0x0
   112                           
   113                           
   114                           ; 1 bytes @ 0x0
   115  0070                     	ds	1
   116  0071                     main@leitura:	
   117                           
   118                           ; 1 bytes @ 0x1
   119  0071                     	ds	1
   120                           
   121                           	psect	maintext
   122  07D8                     __pmaintext:	
   123 ;;
   124 ;;Main: autosize = 0, tempsize = 1, incstack = 0, save=0
   125 ;;
   126 ;; *************** function _main *****************
   127 ;; Defined at:
   128 ;;		line 14 in file "main.c"
   129 ;; Parameters:    Size  Location     Type
   130 ;;		None
   131 ;; Auto vars:     Size  Location     Type
   132 ;;  leitura         1    1[COMMON] unsigned char 
   133 ;; Return value:  Size  Location     Type
   134 ;;                  1    wreg      void 
   135 ;; Registers used:
   136 ;;		wreg, status,2
   137 ;; Tracked objects:
   138 ;;		On entry : B00/0
   139 ;;		On exit  : 0/0
   140 ;;		Unchanged: 0/0
   141 ;; Data sizes:     COMMON   BANK0   BANK1
   142 ;;      Params:         0       0       0
   143 ;;      Locals:         1       0       0
   144 ;;      Temps:          1       0       0
   145 ;;      Totals:         2       0       0
   146 ;;Total ram usage:        2 bytes
   147 ;; This function calls:
   148 ;;		Nothing
   149 ;; This function is called by:
   150 ;;		Startup code after reset
   151 ;; This function uses a non-reentrant model
   152 ;;
   153                           
   154                           
   155                           ;psect for function _main
   156  07D8                     _main:	
   157                           
   158                           ;main.c: 17: TRISA = 0xFF;
   159                           
   160                           ;incstack = 0
   161                           ; Regs used in _main: [wreg+status,2]
   162  07D8  30FF               	movlw	255
   163  07D9  1683               	bsf	3,5	;RP0=1, select bank1
   164  07DA  1303               	bcf	3,6	;RP1=0, select bank1
   165  07DB  0085               	movwf	5	;volatile
   166                           
   167                           ;main.c: 18: TRISB = 0x00;
   168  07DC  0186               	clrf	6	;volatile
   169                           
   170                           ;main.c: 21: ADCON0bits.ADCS1 = 0;
   171  07DD  1283               	bcf	3,5	;RP0=0, select bank0
   172  07DE  1303               	bcf	3,6	;RP1=0, select bank0
   173  07DF  139F               	bcf	31,7	;volatile
   174                           
   175                           ;main.c: 22: ADCON0bits.ADCS0 = 0;
   176  07E0  131F               	bcf	31,6	;volatile
   177                           
   178                           ;main.c: 25: ADCON0bits.CHS2 = 0;
   179  07E1  129F               	bcf	31,5	;volatile
   180                           
   181                           ;main.c: 26: ADCON0bits.CHS1 = 0;
   182  07E2  121F               	bcf	31,4	;volatile
   183                           
   184                           ;main.c: 27: ADCON0bits.CHS0 = 0;
   185  07E3  119F               	bcf	31,3	;volatile
   186                           
   187                           ;main.c: 30: ADCON1bits.ADFM = 0;
   188  07E4  1683               	bsf	3,5	;RP0=1, select bank1
   189  07E5  1303               	bcf	3,6	;RP1=0, select bank1
   190  07E6  139F               	bcf	31,7	;volatile
   191                           
   192                           ;main.c: 33: ADCON1bits.PCFG3 = 0;
   193  07E7  119F               	bcf	31,3	;volatile
   194                           
   195                           ;main.c: 34: ADCON1bits.PCFG2 = 0;
   196  07E8  111F               	bcf	31,2	;volatile
   197                           
   198                           ;main.c: 35: ADCON1bits.PCFG1 = 0;
   199  07E9  109F               	bcf	31,1	;volatile
   200                           
   201                           ;main.c: 36: ADCON1bits.PCFG0 = 0;
   202  07EA  101F               	bcf	31,0	;volatile
   203                           
   204                           ;main.c: 39: ADCON0bits.GO_nDONE = 1;
   205  07EB  1283               	bcf	3,5	;RP0=0, select bank0
   206  07EC  1303               	bcf	3,6	;RP1=0, select bank0
   207  07ED  151F               	bsf	31,2	;volatile
   208                           
   209                           ;main.c: 42: ADCON0bits.ADON = 1;
   210  07EE  141F               	bsf	31,0	;volatile
   211  07EF                     l511:	
   212                           ;main.c: 44: char leitura;
   213                           ;main.c: 46: while(1){
   214                           
   215                           
   216                           ;main.c: 47: if(ADCON0bits.GO_nDONE == 0){
   217  07EF  191F               	btfsc	31,2	;volatile
   218  07F0  2FEF               	goto	l511
   219                           
   220                           ;main.c: 48: ADCON0bits.GO_nDONE = 1;
   221  07F1  151F               	bsf	31,2	;volatile
   222                           
   223                           ;main.c: 49: leitura = ADRESH;
   224  07F2  081E               	movf	30,w	;volatile
   225  07F3  00F0               	movwf	??_main
   226  07F4  0870               	movf	??_main,w
   227  07F5  00F1               	movwf	main@leitura
   228                           
   229                           ;main.c: 51: if(leitura < 10)
   230  07F6  300A               	movlw	10
   231  07F7  0271               	subwf	main@leitura,w
   232  07F8  1803               	skipnc
   233  07F9  2FFC               	goto	l19
   234                           
   235                           ;main.c: 52: PORTBbits.RB0 = 1;
   236  07FA  1406               	bsf	6,0	;volatile
   237  07FB  2FEF               	goto	l511
   238  07FC                     l19:	
   239                           
   240                           ;main.c: 53: else
   241                           ;main.c: 54: PORTBbits.RB0 = 0;
   242  07FC  1006               	bcf	6,0	;volatile
   243  07FD  2FEF               	goto	l511
   244  07FE                     __end_of_main:	
   245  007E                     btemp	set	126	;btemp
   246  007E                     wtemp0	set	126


Data Sizes:
    Strings     0
    Constant    0
    Data        0
    BSS         0
    Persistent  0
    Stack       0

Auto Spaces:
    Space          Size  Autos    Used
    COMMON           14      2       2
    BANK0            80      0       0
    BANK1            32      0       0

Pointer List with Targets:

    None.

Critical Paths under _main in COMMON

    None.

Critical Paths under _main in BANK0

    None.

Critical Paths under _main in BANK1

    None.

Call Graph Tables:

 ---------------------------------------------------------------------------------
 (Depth) Function   	        Calls       Base Space   Used Autos Params    Refs
 ---------------------------------------------------------------------------------
 (0) _main                                                 2     2      0      15
                                              0 COMMON     2     2      0
 ---------------------------------------------------------------------------------
 Estimated maximum stack depth 0
 ---------------------------------------------------------------------------------

 Call Graph Graphs:

 _main (ROOT)

 Address spaces:
Name               Size   Autos  Total    Cost      Usage
BITCOMMON            E      0       0       0        0.0%
EEDATA              40      0       0       0        0.0%
NULL                 0      0       0       0        0.0%
CODE                 0      0       0       0        0.0%
COMMON               E      2       2       1       14.3%
BITSFR0              0      0       0       1        0.0%
SFR0                 0      0       0       1        0.0%
BITSFR1              0      0       0       2        0.0%
SFR1                 0      0       0       2        0.0%
STACK                0      0       0       2        0.0%
ABS                  0      0       0       3        0.0%
BITBANK0            50      0       0       4        0.0%
BITSFR3              0      0       0       4        0.0%
SFR3                 0      0       0       4        0.0%
BANK0               50      0       0       5        0.0%
BITSFR2              0      0       0       5        0.0%
SFR2                 0      0       0       5        0.0%
BITBANK1            20      0       0       6        0.0%
BANK1               20      0       0       7        0.0%
DATA                 0      0       0       8        0.0%


Microchip Technology PIC Macro Assembler V1.45 build -152302408 
Symbol Table                                                                                   Thu Jun 07 12:11:20 2018

            __CFG_CP$OFF 0000                       l19 07FC                      l511 07EF  
           __CFG_CPD$OFF 0000             __CFG_FOSC$HS 0000             __CFG_LVP$OFF 0000  
            main@leitura 0071             __CFG_WRT$ALL 0000                     _main 07D8  
                   btemp 007E            __CFG_BOREN$ON 0000                     start 0000  
                  ?_main 0070            __CFG_WDTE$OFF 0000                    _TRISA 0085  
                  _TRISB 0086                    status 0003                    wtemp0 007E  
        __initialization 07FE             __end_of_main 07FE                   ??_main 0070  
                 _ADRESH 001E           __CFG_PWRTE$OFF 0000  __end_of__initialization 07FE  
         __pcstackCOMMON 0070               __pmaintext 07D8     end_of_initialization 07FE  
              _PORTBbits 0006      start_initialization 07FE                ___latbits 0000  
             _ADCON0bits 001F               _ADCON1bits 009F            __size_of_main 0026  
